Conversión de STEP a Solid Edge
Fecha: jueves,agosto 15,2024 02:06
Archivo fuente: D:\Repositorios\Helios_SoftRobot\Modelos3D\Helios_IMU\Helios_IMU_M.step
Autor: Pcbnew
Organización: Kicad
Sistema de origen: KiCad to STEP converter

Equipo:
Procesador: AMD Ryzen 7 5800X 8-Core Processor             
Sistema operativo: Windows 11 Professional Version:23H2 Build:22631 System Type:64-bit
Memoria instalada: 31.92 GB

Información del programa
Versión de Parasolid: 36.0.142
Versión de PSBodyShop: 36.0.108
Versión del adaptador Step: 13.0.163
Versión de Solid Edge: 224.00.00.101 x64

Opciones de importación de STEP
Importar cuerpos facetados: Activado
Importar cuerpos revisados: Desactivado
Importar curvas: Activado
Importar sin guardar: Activado
Importar varios cuerpos como archivo de una pieza: Activado
Optimización de la importación: Desactivado
Importar superficies unidas: Activado
Importar sólidos booleanos: Activado
Crear operación base: Activado
Simplificar geometría: Activado
Importar curvas para sobreimpresión: Activado
Importar unidad de disco: C:
Importar superficies unidas: Activado
Importar superficies: Activado
Importar vía de acceso de salida: D:\Repositorios\Helios_SoftRobot\Modelos3D\Helios_IMU
Importar con vía de acceso de salida predeterminada habilitada: Activado
Importar PMI: Desactivado.
Importar como componentes internos: Desactivado
Importar vía de acceso: 

Convirtiendo a tipos de datos Parasolid...
+Empezar conjunto: 1
+Creado archivo de conjunto SE D:\Repositorios\Helios_SoftRobot\Modelos3D\Helios_IMU\Helios_IMU_M.asm
|--+Empezar conjunto: 2
|--+Creado archivo de conjunto SE D:\Repositorios\Helios_SoftRobot\Modelos3D\Helios_IMU\Amass_XT30UPB-F_0.asm
|  |--+Creado archivo de pieza SE D:\Repositorios\Helios_SoftRobot\Modelos3D\Helios_IMU\ASSEMBLY_1.par
|--+Piezas totales: 6
|--+Conjuntos: 0
|--+Cuerpos sólidos: 6
|--+Cuerpos de hoja: 0
|--+Terminar conjunto: 2
|--+Empezar conjunto: 2
|--+Reutilizando archivo D:\Repositorios\Helios_SoftRobot\Modelos3D\Helios_IMU\Amass_XT30UPB-F.asm
|--+Piezas totales: 0
|--+Conjuntos: 0
|--+Cuerpos sólidos: 0
|--+Cuerpos de hoja: 0
|--+Terminar conjunto: 2
|--+Empezar conjunto: 2
|--+Creado archivo de conjunto SE D:\Repositorios\Helios_SoftRobot\Modelos3D\Helios_IMU\Adafruit_BNO055_AP214_pin.asm
|  |--+Creado archivo de pieza SE D:\Repositorios\Helios_SoftRobot\Modelos3D\Helios_IMU\(Sin guardar).par
|--+Piezas totales: 192
|--+Conjuntos: 0
|--+Cuerpos sólidos: 192
|--+Cuerpos de hoja: 0
|--+Terminar conjunto: 2
|--+Empezar conjunto: 2
|--+Creado archivo de conjunto SE D:\Repositorios\Helios_SoftRobot\Modelos3D\Helios_IMU\MSOP-10_3x3mm_P0.5mm.asm
|  |--+Creado archivo de pieza SE D:\Repositorios\Helios_SoftRobot\Modelos3D\Helios_IMU\MSOP_10_3x3mm_P05mm.par
|--+Piezas totales: 2
|--+Conjuntos: 0
|--+Cuerpos sólidos: 2
|--+Cuerpos de hoja: 0
|--+Terminar conjunto: 2
|--+Empezar conjunto: 2
|--+Creado archivo de conjunto SE D:\Repositorios\Helios_SoftRobot\Modelos3D\Helios_IMU\Amass_XT30UPB-M_0.asm
|  |--+Creado archivo de pieza SE D:\Repositorios\Helios_SoftRobot\Modelos3D\Helios_IMU\ASSEMBLY_2.par
|--+Piezas totales: 6
|--+Conjuntos: 0
|--+Cuerpos sólidos: 6
|--+Cuerpos de hoja: 0
|--+Terminar conjunto: 2
|--+Empezar conjunto: 2
|--+Creado archivo de conjunto SE D:\Repositorios\Helios_SoftRobot\Modelos3D\Helios_IMU\R_Axial_DIN0207_L6.3mm_D2.5mm_P7.62mm_Horizontal.asm
|  |--+Creado archivo de pieza SE D:\Repositorios\Helios_SoftRobot\Modelos3D\Helios_IMU\R_Axial_DIN0207_L63mm_D25mm_P762mm_Horizontal.par
|--+Piezas totales: 2
|--+Conjuntos: 0
|--+Cuerpos sólidos: 2
|--+Cuerpos de hoja: 0
|--+Terminar conjunto: 2
|--+Empezar conjunto: 2
|--+Reutilizando archivo D:\Repositorios\Helios_SoftRobot\Modelos3D\Helios_IMU\Amass_XT30UPB-M.asm
|--+Piezas totales: 0
|--+Conjuntos: 0
|--+Cuerpos sólidos: 0
|--+Cuerpos de hoja: 0
|--+Terminar conjunto: 2
|--+Empezar conjunto: 2
|--+Reutilizando archivo D:\Repositorios\Helios_SoftRobot\Modelos3D\Helios_IMU\R_Axial_DIN0207_L6.3mm_D2.5mm_P7.62mm_Horizontal.asm
|--+Piezas totales: 0
|--+Conjuntos: 0
|--+Cuerpos sólidos: 0
|--+Cuerpos de hoja: 0
|--+Terminar conjunto: 2
|--+Empezar conjunto: 2
|--+Reutilizando archivo D:\Repositorios\Helios_SoftRobot\Modelos3D\Helios_IMU\R_Axial_DIN0207_L6.3mm_D2.5mm_P7.62mm_Horizontal.asm
|--+Piezas totales: 0
|--+Conjuntos: 0
|--+Cuerpos sólidos: 0
|--+Cuerpos de hoja: 0
|--+Terminar conjunto: 2
|--+Empezar conjunto: 2
|--+Reutilizando archivo D:\Repositorios\Helios_SoftRobot\Modelos3D\Helios_IMU\R_Axial_DIN0207_L6.3mm_D2.5mm_P7.62mm_Horizontal.asm
|--+Piezas totales: 0
|--+Conjuntos: 0
|--+Cuerpos sólidos: 0
|--+Cuerpos de hoja: 0
|--+Terminar conjunto: 2
|--+Creado archivo de pieza SE D:\Repositorios\Helios_SoftRobot\Modelos3D\Helios_IMU\Helios_IMU_M_PCB.par
+Piezas totales: 7
+Conjuntos: 5
+Cuerpos sólidos: 2
+Cuerpos de hoja: 0
+Terminar conjunto: 1
Proceso de conversión completado
Tiempo total requerido para convertir y posprocesar:00 : 00 : 02
