Conversión de STEP a Solid Edge
Fecha: sábado,agosto 10,2024 09:10
Archivo fuente: D:\Repositorios\Helios_SoftRobot\Modelos3D\HeliosPanel\Helios_PCB_panel.step
Autor: Pcbnew
Organización: Kicad
Sistema de origen: KiCad to STEP converter

Equipo:
Procesador: AMD Ryzen 7 5800X 8-Core Processor             
Sistema operativo: Windows 11 Professional Version:23H2 Build:22631 System Type:64-bit
Memoria instalada: 31.92 GB

Información del programa
Versión de Parasolid: 36.0.142
Versión de PSBodyShop: 36.0.108
Versión del adaptador Step: 13.0.163
Versión de Solid Edge: 224.00.00.101 x64

Opciones de importación de STEP
Importar cuerpos facetados: Activado
Importar cuerpos revisados: Desactivado
Importar curvas: Activado
Importar sin guardar: Activado
Importar varios cuerpos como archivo de una pieza: Activado
Optimización de la importación: Desactivado
Importar superficies unidas: Activado
Importar sólidos booleanos: Activado
Crear operación base: Activado
Simplificar geometría: Activado
Importar curvas para sobreimpresión: Activado
Importar unidad de disco: C:
Importar superficies unidas: Activado
Importar superficies: Activado
Importar vía de acceso de salida: D:\Repositorios\Helios_SoftRobot\Modelos3D\HeliosPanel
Importar con vía de acceso de salida predeterminada habilitada: Activado
Importar PMI: Desactivado.
Importar como componentes internos: Desactivado
Importar vía de acceso: 

Convirtiendo a tipos de datos Parasolid...
+Empezar conjunto: 1
+Creado archivo de conjunto SE D:\Repositorios\Helios_SoftRobot\Modelos3D\HeliosPanel\Helios_PCB_panel.asm
|--+Empezar conjunto: 2
|--+Creado archivo de conjunto SE D:\Repositorios\Helios_SoftRobot\Modelos3D\HeliosPanel\AMASS_XT60-M_1x02_P7.2mm_Vertical.asm
|  |--+Creado archivo de pieza SE D:\Repositorios\Helios_SoftRobot\Modelos3D\HeliosPanel\XT60 male v9.par
|--+Piezas totales: 6
|--+Conjuntos: 0
|--+Cuerpos sólidos: 6
|--+Cuerpos de hoja: 0
|--+Terminar conjunto: 2
|--+Empezar conjunto: 2
|--+Creado archivo de conjunto SE D:\Repositorios\Helios_SoftRobot\Modelos3D\HeliosPanel\drv8825-stepper-motor-driver-carrier-high-current.asm
|  |--+Creado archivo de pieza SE D:\Repositorios\Helios_SoftRobot\Modelos3D\HeliosPanel\(Sin guardar).par
|--+Piezas totales: 6
|--+Conjuntos: 0
|--+Cuerpos sólidos: 6
|--+Cuerpos de hoja: 0
|--+Terminar conjunto: 2
|--+Empezar conjunto: 2
|--+Creado archivo de conjunto SE D:\Repositorios\Helios_SoftRobot\Modelos3D\HeliosPanel\JST_EH_B4B-EH-A_1x04_P2.50mm_Vertical.asm
|  |--+Creado archivo de pieza SE D:\Repositorios\Helios_SoftRobot\Modelos3D\HeliosPanel\JST_B4B_EH_A.par
|--+Piezas totales: 2
|--+Conjuntos: 0
|--+Cuerpos sólidos: 2
|--+Cuerpos de hoja: 0
|--+Terminar conjunto: 2
|--+Empezar conjunto: 2
|--+Reutilizando archivo D:\Repositorios\Helios_SoftRobot\Modelos3D\HeliosPanel\JST_EH_B4B-EH-A_1x04_P2.50mm_Vertical.asm
|--+Piezas totales: 0
|--+Conjuntos: 0
|--+Cuerpos sólidos: 0
|--+Cuerpos de hoja: 0
|--+Terminar conjunto: 2
|--+Empezar conjunto: 2
|--+Reutilizando archivo D:\Repositorios\Helios_SoftRobot\Modelos3D\HeliosPanel\drv8825-stepper-motor-driver-carrier-high-current.asm
|--+Piezas totales: 0
|--+Conjuntos: 0
|--+Cuerpos sólidos: 0
|--+Cuerpos de hoja: 0
|--+Terminar conjunto: 2
|--+Empezar conjunto: 2
|--+Reutilizando archivo D:\Repositorios\Helios_SoftRobot\Modelos3D\HeliosPanel\JST_EH_B4B-EH-A_1x04_P2.50mm_Vertical.asm
|--+Piezas totales: 0
|--+Conjuntos: 0
|--+Cuerpos sólidos: 0
|--+Cuerpos de hoja: 0
|--+Terminar conjunto: 2
|--+Empezar conjunto: 2
|--+Reutilizando archivo D:\Repositorios\Helios_SoftRobot\Modelos3D\HeliosPanel\JST_EH_B4B-EH-A_1x04_P2.50mm_Vertical.asm
|--+Piezas totales: 0
|--+Conjuntos: 0
|--+Cuerpos sólidos: 0
|--+Cuerpos de hoja: 0
|--+Terminar conjunto: 2
|--+Empezar conjunto: 2
|--+Reutilizando archivo D:\Repositorios\Helios_SoftRobot\Modelos3D\HeliosPanel\JST_EH_B4B-EH-A_1x04_P2.50mm_Vertical.asm
|--+Piezas totales: 0
|--+Conjuntos: 0
|--+Cuerpos sólidos: 0
|--+Cuerpos de hoja: 0
|--+Terminar conjunto: 2
|--+Empezar conjunto: 2
|--+Reutilizando archivo D:\Repositorios\Helios_SoftRobot\Modelos3D\HeliosPanel\drv8825-stepper-motor-driver-carrier-high-current.asm
|--+Piezas totales: 0
|--+Conjuntos: 0
|--+Cuerpos sólidos: 0
|--+Cuerpos de hoja: 0
|--+Terminar conjunto: 2
|--+Empezar conjunto: 2
|--+Creado archivo de conjunto SE D:\Repositorios\Helios_SoftRobot\Modelos3D\HeliosPanel\Amass_XT30UPB-F.asm
|  |--+Creado archivo de pieza SE D:\Repositorios\Helios_SoftRobot\Modelos3D\HeliosPanel\ASSEMBLY.par
|--+Piezas totales: 6
|--+Conjuntos: 0
|--+Cuerpos sólidos: 6
|--+Cuerpos de hoja: 0
|--+Terminar conjunto: 2
|--+Empezar conjunto: 2
|--+Reutilizando archivo D:\Repositorios\Helios_SoftRobot\Modelos3D\HeliosPanel\AMASS_XT60-M_1x02_P7.2mm_Vertical.asm
|--+Piezas totales: 0
|--+Conjuntos: 0
|--+Cuerpos sólidos: 0
|--+Cuerpos de hoja: 0
|--+Terminar conjunto: 2
|--+Empezar conjunto: 2
|--+Creado archivo de conjunto SE D:\Repositorios\Helios_SoftRobot\Modelos3D\HeliosPanel\JST_EH_B2B-EH-A_1x02_P2.50mm_Vertical.asm
|  |--+Creado archivo de pieza SE D:\Repositorios\Helios_SoftRobot\Modelos3D\HeliosPanel\JST_B2B_EH_A.par
|--+Piezas totales: 2
|--+Conjuntos: 0
|--+Cuerpos sólidos: 2
|--+Cuerpos de hoja: 0
|--+Terminar conjunto: 2
|--+Empezar conjunto: 2
|--+Reutilizando archivo D:\Repositorios\Helios_SoftRobot\Modelos3D\HeliosPanel\JST_EH_B4B-EH-A_1x04_P2.50mm_Vertical.asm
|--+Piezas totales: 0
|--+Conjuntos: 0
|--+Cuerpos sólidos: 0
|--+Cuerpos de hoja: 0
|--+Terminar conjunto: 2
|--+Empezar conjunto: 2
|--+Reutilizando archivo D:\Repositorios\Helios_SoftRobot\Modelos3D\HeliosPanel\drv8825-stepper-motor-driver-carrier-high-current.asm
|--+Piezas totales: 0
|--+Conjuntos: 0
|--+Cuerpos sólidos: 0
|--+Cuerpos de hoja: 0
|--+Terminar conjunto: 2
|--+Empezar conjunto: 2
|--+Reutilizando archivo D:\Repositorios\Helios_SoftRobot\Modelos3D\HeliosPanel\drv8825-stepper-motor-driver-carrier-high-current.asm
|--+Piezas totales: 0
|--+Conjuntos: 0
|--+Cuerpos sólidos: 0
|--+Cuerpos de hoja: 0
|--+Terminar conjunto: 2
|--+Empezar conjunto: 2
|--+Reutilizando archivo D:\Repositorios\Helios_SoftRobot\Modelos3D\HeliosPanel\JST_EH_B4B-EH-A_1x04_P2.50mm_Vertical.asm
|--+Piezas totales: 0
|--+Conjuntos: 0
|--+Cuerpos sólidos: 0
|--+Cuerpos de hoja: 0
|--+Terminar conjunto: 2
|--+Empezar conjunto: 2
|--+Reutilizando archivo D:\Repositorios\Helios_SoftRobot\Modelos3D\HeliosPanel\JST_EH_B4B-EH-A_1x04_P2.50mm_Vertical.asm
|--+Piezas totales: 0
|--+Conjuntos: 0
|--+Cuerpos sólidos: 0
|--+Cuerpos de hoja: 0
|--+Terminar conjunto: 2
|--+Empezar conjunto: 2
|--+Reutilizando archivo D:\Repositorios\Helios_SoftRobot\Modelos3D\HeliosPanel\drv8825-stepper-motor-driver-carrier-high-current.asm
|--+Piezas totales: 0
|--+Conjuntos: 0
|--+Cuerpos sólidos: 0
|--+Cuerpos de hoja: 0
|--+Terminar conjunto: 2
|--+Empezar conjunto: 2
|--+Reutilizando archivo D:\Repositorios\Helios_SoftRobot\Modelos3D\HeliosPanel\JST_EH_B4B-EH-A_1x04_P2.50mm_Vertical.asm
|--+Piezas totales: 0
|--+Conjuntos: 0
|--+Cuerpos sólidos: 0
|--+Cuerpos de hoja: 0
|--+Terminar conjunto: 2
|--+Empezar conjunto: 2
|--+Creado archivo de conjunto SE D:\Repositorios\Helios_SoftRobot\Modelos3D\HeliosPanel\ESP32Wroom4.asm
|  |--+Creado archivo de pieza SE D:\Repositorios\Helios_SoftRobot\Modelos3D\HeliosPanel\ESP32Wroom4.par
|--+Piezas totales: 180
|--+Conjuntos: 0
|--+Cuerpos sólidos: 180
|--+Cuerpos de hoja: 0
|--+Terminar conjunto: 2
|--+Empezar conjunto: 2
|--+Reutilizando archivo D:\Repositorios\Helios_SoftRobot\Modelos3D\HeliosPanel\drv8825-stepper-motor-driver-carrier-high-current.asm
|--+Piezas totales: 0
|--+Conjuntos: 0
|--+Cuerpos sólidos: 0
|--+Cuerpos de hoja: 0
|--+Terminar conjunto: 2
|--+Empezar conjunto: 2
|--+Reutilizando archivo D:\Repositorios\Helios_SoftRobot\Modelos3D\HeliosPanel\Amass_XT30UPB-F.asm
|--+Piezas totales: 0
|--+Conjuntos: 0
|--+Cuerpos sólidos: 0
|--+Cuerpos de hoja: 0
|--+Terminar conjunto: 2
|--+Empezar conjunto: 2
|--+Creado archivo de conjunto SE D:\Repositorios\Helios_SoftRobot\Modelos3D\HeliosPanel\PinSocket_1x06_P2.54mm_Vertical.asm
|  |--+Creado archivo de pieza SE D:\Repositorios\Helios_SoftRobot\Modelos3D\HeliosPanel\PinSocket_1x06_P254mm_Vertical.par
|--+Piezas totales: 2
|--+Conjuntos: 0
|--+Cuerpos sólidos: 2
|--+Cuerpos de hoja: 0
|--+Terminar conjunto: 2
|--+Empezar conjunto: 2
|--+Reutilizando archivo D:\Repositorios\Helios_SoftRobot\Modelos3D\HeliosPanel\JST_EH_B4B-EH-A_1x04_P2.50mm_Vertical.asm
|--+Piezas totales: 0
|--+Conjuntos: 0
|--+Cuerpos sólidos: 0
|--+Cuerpos de hoja: 0
|--+Terminar conjunto: 2
|--+Empezar conjunto: 2
|--+Reutilizando archivo D:\Repositorios\Helios_SoftRobot\Modelos3D\HeliosPanel\drv8825-stepper-motor-driver-carrier-high-current.asm
|--+Piezas totales: 0
|--+Conjuntos: 0
|--+Cuerpos sólidos: 0
|--+Cuerpos de hoja: 0
|--+Terminar conjunto: 2
|--+Empezar conjunto: 2
|--+Reutilizando archivo D:\Repositorios\Helios_SoftRobot\Modelos3D\HeliosPanel\drv8825-stepper-motor-driver-carrier-high-current.asm
|--+Piezas totales: 0
|--+Conjuntos: 0
|--+Cuerpos sólidos: 0
|--+Cuerpos de hoja: 0
|--+Terminar conjunto: 2
|--+Empezar conjunto: 2
|--+Reutilizando archivo D:\Repositorios\Helios_SoftRobot\Modelos3D\HeliosPanel\drv8825-stepper-motor-driver-carrier-high-current.asm
|--+Piezas totales: 0
|--+Conjuntos: 0
|--+Cuerpos sólidos: 0
|--+Cuerpos de hoja: 0
|--+Terminar conjunto: 2
|--+Empezar conjunto: 2
|--+Reutilizando archivo D:\Repositorios\Helios_SoftRobot\Modelos3D\HeliosPanel\JST_EH_B4B-EH-A_1x04_P2.50mm_Vertical.asm
|--+Piezas totales: 0
|--+Conjuntos: 0
|--+Cuerpos sólidos: 0
|--+Cuerpos de hoja: 0
|--+Terminar conjunto: 2
|--+Empezar conjunto: 2
|--+Creado archivo de conjunto SE D:\Repositorios\Helios_SoftRobot\Modelos3D\HeliosPanel\Buzzer_12x9.5RM7.6.asm
|  |--+Creado archivo de pieza SE D:\Repositorios\Helios_SoftRobot\Modelos3D\HeliosPanel\Buzzer_12x95RM76.par
|--+Piezas totales: 2
|--+Conjuntos: 0
|--+Cuerpos sólidos: 2
|--+Cuerpos de hoja: 0
|--+Terminar conjunto: 2
|--+Empezar conjunto: 2
|--+Reutilizando archivo D:\Repositorios\Helios_SoftRobot\Modelos3D\HeliosPanel\JST_EH_B4B-EH-A_1x04_P2.50mm_Vertical.asm
|--+Piezas totales: 0
|--+Conjuntos: 0
|--+Cuerpos sólidos: 0
|--+Cuerpos de hoja: 0
|--+Terminar conjunto: 2
|--+Empezar conjunto: 2
|--+Reutilizando archivo D:\Repositorios\Helios_SoftRobot\Modelos3D\HeliosPanel\drv8825-stepper-motor-driver-carrier-high-current.asm
|--+Piezas totales: 0
|--+Conjuntos: 0
|--+Cuerpos sólidos: 0
|--+Cuerpos de hoja: 0
|--+Terminar conjunto: 2
|--+Empezar conjunto: 2
|--+Creado archivo de conjunto SE D:\Repositorios\Helios_SoftRobot\Modelos3D\HeliosPanel\PinSocket_1x04_P2.54mm_Vertical.asm
|  |--+Creado archivo de pieza SE D:\Repositorios\Helios_SoftRobot\Modelos3D\HeliosPanel\PinSocket_1x04_P254mm_Vertical.par
|--+Piezas totales: 2
|--+Conjuntos: 0
|--+Cuerpos sólidos: 2
|--+Cuerpos de hoja: 0
|--+Terminar conjunto: 2
|--+Empezar conjunto: 2
|--+Reutilizando archivo D:\Repositorios\Helios_SoftRobot\Modelos3D\HeliosPanel\drv8825-stepper-motor-driver-carrier-high-current.asm
|--+Piezas totales: 0
|--+Conjuntos: 0
|--+Cuerpos sólidos: 0
|--+Cuerpos de hoja: 0
|--+Terminar conjunto: 2
|--+Creado archivo de pieza SE D:\Repositorios\Helios_SoftRobot\Modelos3D\HeliosPanel\Helios_PCB_panel_PCB.par
+Piezas totales: 11
+Conjuntos: 9
+Cuerpos sólidos: 2
+Cuerpos de hoja: 0
+Terminar conjunto: 1
Proceso de conversión completado
Tiempo total requerido para convertir y posprocesar:00 : 00 : 23
