Conversión de STEP a Solid Edge
Fecha: Sunday,August 04,2024 06:58PM
Archivo fuente: D:\Repositorios\Helios_SoftRobot\Modelos3D\Sensor\Helios\Helios_PCB\Helios_emt.step
Autor: Unknown
Organización: Unknown
Sistema de origen: Autodesk Translation Framework v13.14.0.145

Equipo:
Procesador: AMD Ryzen 7 5800X 8-Core Processor             
Sistema operativo: Windows 11 Professional Version:23H2 Build:22631 System Type:64-bit
Memoria instalada: 31.92 GB

Información del programa
Versión de Parasolid: 36.0.142
Versión de PSBodyShop: 36.0.108
Versión del adaptador Step: 13.0.163
Versión de Solid Edge: 224.00.00.101 x64

Opciones de importación de STEP
Importar cuerpos facetados: Activado
Importar cuerpos revisados: Desactivado
Importar curvas: Activado
Importar sin guardar: Activado
Importar varios cuerpos como archivo de una pieza: Activado
Optimización de la importación: Desactivado
Importar superficies unidas: Activado
Importar sólidos booleanos: Activado
Crear operación base: Activado
Simplificar geometría: Activado
Importar curvas para sobreimpresión: Activado
Importar unidad de disco: C:
Importar superficies unidas: Activado
Importar superficies: Activado
Importar vía de acceso de salida: D:\Repositorios\Helios_SoftRobot\Modelos3D\Sensor\Helios\Helios_PCB
Importar con vía de acceso de salida predeterminada habilitada: Activado
Importar PMI: Desactivado.
Importar como componentes internos: Desactivado
Importar vía de acceso: 

Convirtiendo a tipos de datos Parasolid...
+Empezar conjunto: 1
+Creado archivo de conjunto SE D:\Repositorios\Helios_SoftRobot\Modelos3D\Sensor\Helios\Helios_PCB\Helios_emt.asm
|--+Empezar conjunto: 2
|--+Creado archivo de conjunto SE D:\Repositorios\Helios_SoftRobot\Modelos3D\Sensor\Helios\Helios_PCB\LED_1812_4532Metric.asm
|  |--+Creado archivo de pieza SE D:\Repositorios\Helios_SoftRobot\Modelos3D\Sensor\Helios\Helios_PCB\LED_1812_4532Metric_1.par
|--+Piezas totales: 2
|--+Conjuntos: 0
|--+Cuerpos sólidos: 2
|--+Cuerpos de hoja: 0
|--+Terminar conjunto: 2
|--+Empezar conjunto: 2
|--+Reutilizando archivo D:\Repositorios\Helios_SoftRobot\Modelos3D\Sensor\Helios\Helios_PCB\LED_1812_4532Metric.asm
|--+Piezas totales: 0
|--+Conjuntos: 0
|--+Cuerpos sólidos: 0
|--+Cuerpos de hoja: 0
|--+Terminar conjunto: 2
|--+Empezar conjunto: 2
|--+Reutilizando archivo D:\Repositorios\Helios_SoftRobot\Modelos3D\Sensor\Helios\Helios_PCB\LED_1812_4532Metric.asm
|--+Piezas totales: 0
|--+Conjuntos: 0
|--+Cuerpos sólidos: 0
|--+Cuerpos de hoja: 0
|--+Terminar conjunto: 2
|--+Empezar conjunto: 2
|--+Reutilizando archivo D:\Repositorios\Helios_SoftRobot\Modelos3D\Sensor\Helios\Helios_PCB\LED_1812_4532Metric.asm
|--+Piezas totales: 0
|--+Conjuntos: 0
|--+Cuerpos sólidos: 0
|--+Cuerpos de hoja: 0
|--+Terminar conjunto: 2
|--+Empezar conjunto: 2
|--+Creado archivo de conjunto SE D:\Repositorios\Helios_SoftRobot\Modelos3D\Sensor\Helios\Helios_PCB\R_0805_2012Metric.asm
|  |--+Creado archivo de pieza SE D:\Repositorios\Helios_SoftRobot\Modelos3D\Sensor\Helios\Helios_PCB\R_0805_2012Metric_1.par
|--+Piezas totales: 2
|--+Conjuntos: 0
|--+Cuerpos sólidos: 2
|--+Cuerpos de hoja: 0
|--+Terminar conjunto: 2
|--+Creado archivo de pieza SE D:\Repositorios\Helios_SoftRobot\Modelos3D\Sensor\Helios\Helios_PCB\Helios_emt_track_1.par
|--+Creado archivo de pieza SE D:\Repositorios\Helios_SoftRobot\Modelos3D\Sensor\Helios\Helios_PCB\Helios_emt_track_2.par
|--+Creado archivo de pieza SE D:\Repositorios\Helios_SoftRobot\Modelos3D\Sensor\Helios\Helios_PCB\Helios_emt_track_3.par
|--+Creado archivo de pieza SE D:\Repositorios\Helios_SoftRobot\Modelos3D\Sensor\Helios\Helios_PCB\Helios_emt_track_4.par
|--+Creado archivo de pieza SE D:\Repositorios\Helios_SoftRobot\Modelos3D\Sensor\Helios\Helios_PCB\Helios_emt_track_5.par
|--+Creado archivo de pieza SE D:\Repositorios\Helios_SoftRobot\Modelos3D\Sensor\Helios\Helios_PCB\Helios_emt_track_6.par
|--+Creado archivo de pieza SE D:\Repositorios\Helios_SoftRobot\Modelos3D\Sensor\Helios\Helios_PCB\Helios_emt_track_7.par
|--+Creado archivo de pieza SE D:\Repositorios\Helios_SoftRobot\Modelos3D\Sensor\Helios\Helios_PCB\Helios_emt_track_8.par
|--+Creado archivo de pieza SE D:\Repositorios\Helios_SoftRobot\Modelos3D\Sensor\Helios\Helios_PCB\Helios_emt_track_9.par
|--+Creado archivo de pieza SE D:\Repositorios\Helios_SoftRobot\Modelos3D\Sensor\Helios\Helios_PCB\Helios_emt_track_10.par
|--+Creado archivo de pieza SE D:\Repositorios\Helios_SoftRobot\Modelos3D\Sensor\Helios\Helios_PCB\Helios_emt_track_11.par
|--+Creado archivo de pieza SE D:\Repositorios\Helios_SoftRobot\Modelos3D\Sensor\Helios\Helios_PCB\Helios_emt_track_12.par
|--+Creado archivo de pieza SE D:\Repositorios\Helios_SoftRobot\Modelos3D\Sensor\Helios\Helios_PCB\Helios_emt_track_13.par
|--+Creado archivo de pieza SE D:\Repositorios\Helios_SoftRobot\Modelos3D\Sensor\Helios\Helios_PCB\Helios_emt_track_14.par
|--+Creado archivo de pieza SE D:\Repositorios\Helios_SoftRobot\Modelos3D\Sensor\Helios\Helios_PCB\Helios_emt_track_15.par
|--+Creado archivo de pieza SE D:\Repositorios\Helios_SoftRobot\Modelos3D\Sensor\Helios\Helios_PCB\Helios_emt_track_16.par
|--+Creado archivo de pieza SE D:\Repositorios\Helios_SoftRobot\Modelos3D\Sensor\Helios\Helios_PCB\Helios_emt_track_17.par
|--+Creado archivo de pieza SE D:\Repositorios\Helios_SoftRobot\Modelos3D\Sensor\Helios\Helios_PCB\Helios_emt_track_18.par
|--+Creado archivo de pieza SE D:\Repositorios\Helios_SoftRobot\Modelos3D\Sensor\Helios\Helios_PCB\Helios_emt_track_19.par
|--+Creado archivo de pieza SE D:\Repositorios\Helios_SoftRobot\Modelos3D\Sensor\Helios\Helios_PCB\Helios_emt_track_20.par
|--+Creado archivo de pieza SE D:\Repositorios\Helios_SoftRobot\Modelos3D\Sensor\Helios\Helios_PCB\Helios_emt_track_21.par
|--+Creado archivo de pieza SE D:\Repositorios\Helios_SoftRobot\Modelos3D\Sensor\Helios\Helios_PCB\Helios_emt_track_22.par
|--+Creado archivo de pieza SE D:\Repositorios\Helios_SoftRobot\Modelos3D\Sensor\Helios\Helios_PCB\Helios_emt_track_23.par
|--+Creado archivo de pieza SE D:\Repositorios\Helios_SoftRobot\Modelos3D\Sensor\Helios\Helios_PCB\Helios_emt_track_24.par
|--+Creado archivo de pieza SE D:\Repositorios\Helios_SoftRobot\Modelos3D\Sensor\Helios\Helios_PCB\Helios_emt_track_25.par
|--+Creado archivo de pieza SE D:\Repositorios\Helios_SoftRobot\Modelos3D\Sensor\Helios\Helios_PCB\Helios_emt_track_26.par
|--+Creado archivo de pieza SE D:\Repositorios\Helios_SoftRobot\Modelos3D\Sensor\Helios\Helios_PCB\Helios_emt_track_27.par
|--+Creado archivo de pieza SE D:\Repositorios\Helios_SoftRobot\Modelos3D\Sensor\Helios\Helios_PCB\Helios_emt_track_28.par
|--+Creado archivo de pieza SE D:\Repositorios\Helios_SoftRobot\Modelos3D\Sensor\Helios\Helios_PCB\Helios_emt_track_29.par
|--+Creado archivo de pieza SE D:\Repositorios\Helios_SoftRobot\Modelos3D\Sensor\Helios\Helios_PCB\Helios_emt_track_30.par
|--+Creado archivo de pieza SE D:\Repositorios\Helios_SoftRobot\Modelos3D\Sensor\Helios\Helios_PCB\Helios_emt_track_31.par
|--+Creado archivo de pieza SE D:\Repositorios\Helios_SoftRobot\Modelos3D\Sensor\Helios\Helios_PCB\Helios_emt_track_32.par
|--+Creado archivo de pieza SE D:\Repositorios\Helios_SoftRobot\Modelos3D\Sensor\Helios\Helios_PCB\Helios_emt_track_33.par
|--+Creado archivo de pieza SE D:\Repositorios\Helios_SoftRobot\Modelos3D\Sensor\Helios\Helios_PCB\Helios_emt_track_34.par
|--+Creado archivo de pieza SE D:\Repositorios\Helios_SoftRobot\Modelos3D\Sensor\Helios\Helios_PCB\Helios_emt_track_35.par
|--+Creado archivo de pieza SE D:\Repositorios\Helios_SoftRobot\Modelos3D\Sensor\Helios\Helios_PCB\Helios_emt_zone_1.par
|--+Creado archivo de pieza SE D:\Repositorios\Helios_SoftRobot\Modelos3D\Sensor\Helios\Helios_PCB\Helios_emt_zone_2.par
|--+Creado archivo de pieza SE D:\Repositorios\Helios_SoftRobot\Modelos3D\Sensor\Helios\Helios_PCB\Helios_emt_pad_1.par
|--+Creado archivo de pieza SE D:\Repositorios\Helios_SoftRobot\Modelos3D\Sensor\Helios\Helios_PCB\Helios_emt_pad_2.par
|--+Creado archivo de pieza SE D:\Repositorios\Helios_SoftRobot\Modelos3D\Sensor\Helios\Helios_PCB\Helios_emt_pad_3.par
|--+Creado archivo de pieza SE D:\Repositorios\Helios_SoftRobot\Modelos3D\Sensor\Helios\Helios_PCB\Helios_emt_pad_4.par
|--+Creado archivo de pieza SE D:\Repositorios\Helios_SoftRobot\Modelos3D\Sensor\Helios\Helios_PCB\Helios_emt_pad_5.par
|--+Creado archivo de pieza SE D:\Repositorios\Helios_SoftRobot\Modelos3D\Sensor\Helios\Helios_PCB\Helios_emt_pad_6.par
|--+Creado archivo de pieza SE D:\Repositorios\Helios_SoftRobot\Modelos3D\Sensor\Helios\Helios_PCB\Helios_emt_pad_7.par
|--+Creado archivo de pieza SE D:\Repositorios\Helios_SoftRobot\Modelos3D\Sensor\Helios\Helios_PCB\Helios_emt_pad_8.par
|--+Creado archivo de pieza SE D:\Repositorios\Helios_SoftRobot\Modelos3D\Sensor\Helios\Helios_PCB\Helios_emt_pad_9.par
|--+Creado archivo de pieza SE D:\Repositorios\Helios_SoftRobot\Modelos3D\Sensor\Helios\Helios_PCB\Helios_emt_pad_10.par
|--+Creado archivo de pieza SE D:\Repositorios\Helios_SoftRobot\Modelos3D\Sensor\Helios\Helios_PCB\Helios_emt_pad_11.par
|--+Creado archivo de pieza SE D:\Repositorios\Helios_SoftRobot\Modelos3D\Sensor\Helios\Helios_PCB\Helios_emt_pad_12.par
|--+Creado archivo de pieza SE D:\Repositorios\Helios_SoftRobot\Modelos3D\Sensor\Helios\Helios_PCB\Helios_emt_pad_13.par
|--+Creado archivo de pieza SE D:\Repositorios\Helios_SoftRobot\Modelos3D\Sensor\Helios\Helios_PCB\Helios_emt_pad_14.par
|--+Creado archivo de pieza SE D:\Repositorios\Helios_SoftRobot\Modelos3D\Sensor\Helios\Helios_PCB\Helios_emt_pad_15.par
|--+Creado archivo de pieza SE D:\Repositorios\Helios_SoftRobot\Modelos3D\Sensor\Helios\Helios_PCB\Helios_emt_pad_16.par
|--+Creado archivo de pieza SE D:\Repositorios\Helios_SoftRobot\Modelos3D\Sensor\Helios\Helios_PCB\Helios_emt_pad_17.par
|--+Creado archivo de pieza SE D:\Repositorios\Helios_SoftRobot\Modelos3D\Sensor\Helios\Helios_PCB\Helios_emt_pad_18.par
|--+Creado archivo de pieza SE D:\Repositorios\Helios_SoftRobot\Modelos3D\Sensor\Helios\Helios_PCB\Helios_emt_pad_19.par
|--+Creado archivo de pieza SE D:\Repositorios\Helios_SoftRobot\Modelos3D\Sensor\Helios\Helios_PCB\Helios_emt_pad_20.par
|--+Creado archivo de pieza SE D:\Repositorios\Helios_SoftRobot\Modelos3D\Sensor\Helios\Helios_PCB\Helios_emt_pad_21.par
Cuerpos: 0
|--+Creado archivo de pieza SE D:\Repositorios\Helios_SoftRobot\Modelos3D\Sensor\Helios\Helios_PCB\Helios_emt_pad_22.par
Cuerpos: 0
|--+Creado archivo de pieza SE D:\Repositorios\Helios_SoftRobot\Modelos3D\Sensor\Helios\Helios_PCB\Helios_emt_PCB.par
+Piezas totales: 122
+Conjuntos: 2
+Cuerpos sólidos: 120
+Cuerpos de hoja: 0
+Terminar conjunto: 1
Proceso de conversión completado
Tiempo total requerido para convertir y posprocesar:00 : 00 : 08
