STL translation to Solid Edge
Fecha: miércoles,agosto 14,2024 07:05
Archivo fuente:D:\Repositorios\Helios_SoftRobot\Modelos3D\HeliosClaw\Std_parts\tower-pro-sg90-micro-servo-2.snapshot.8\STL\microservoArmA3.STL
Autor: Desconocido
Organización: Desconocido
Sistema fuente: DEX

Hardware:
Procesador: AMD Ryzen 7 5800X 8-Core Processor             
Sistema operativo: Windows 10 Professional
Memoria instalada: 31,92 GB

Información sobre el software:
Versión de Parasolid: 36.0.142
Versión de PSBodyShop: 36.0.108
Versión del adaptador STL: 13.0.193
Versión de Solid Edge: 224.00.00.101 x64

STL Import Options
Reparar fallos en la malla: Desactivado
Crear operación base: Activado
Habilitar registro de anotaciones: Activado

Avance en la conversión:
Se completó el proceso de conversión
Tiempo necesario para convertir:00 : 00 : 00
