Conversión de Solid Edge a STEP
Fecha: martes,diciembre 12,2023 01:35
Archivo de salida: D:\Repositorios\Helios_SoftRobot\Modelos3D\SoporteMotores\SoporteMotores.stp
Autor: Unknown
Organización: Unknown
Sistema de origen: Solid Edge

Equipo:
Procesador: AMD A12-9700P RADEON R7, 10 COMPUTE CORES 4C+6G
Sistema operativo: Windows 10 Version:22H2 Build:19045 System Type:64-bit
Memoria instalada: 6.95 GB

Información del programa
Versión de Parasolid: 35.0.149
Versión de PSBodyShop: 35.0.82
Versión de Step Adapter: 11.0.82
Versión de Solid Edge: 223.00.00.101 x64

Opciones de exportación de STEP
Formato de exportación: AP214
Exportar superficies de construcción: Desactivado
Exportar sólidos de construcción: Desactivado
Exportar curvas de construcción: Desactivado
Exportar solo piezas mostradas: Desactivado
Exportar unidades: Millimeters
Exportar nombres de componentes de pieza como Unicode: Desactivado
Exportar PMI: Desactivado

Fase 1 de 1 Convirtiendo Parasolid a tipos de datos externos...
Proceso de conversión completado
Tiempo requerido para convertir:00 : 00 : 02
