Conversión de STEP a Solid Edge
Fecha: miércoles,agosto 14,2024 07:59
Archivo fuente: D:\Repositorios\Helios_SoftRobot\Modelos3D\HeliosClaw\Std_parts\Digispark Attiny85\STEP\Digispark Attiny85.step
Autor: Unknown
Organización: Unknown
Sistema de origen: Autodesk Translation Framework v9.7.1.1290

Equipo:
Procesador: AMD Ryzen 7 5800X 8-Core Processor             
Sistema operativo: Windows 11 Professional Version:23H2 Build:22631 System Type:64-bit
Memoria instalada: 31.92 GB

Información del programa
Versión de Parasolid: 36.0.142
Versión de PSBodyShop: 36.0.108
Versión del adaptador Step: 13.0.163
Versión de Solid Edge: 224.00.00.101 x64

Opciones de importación de STEP
Importar cuerpos facetados: Activado
Importar cuerpos revisados: Desactivado
Importar curvas: Activado
Importar sin guardar: Activado
Importar varios cuerpos como archivo de una pieza: Activado
Optimización de la importación: Desactivado
Importar superficies unidas: Activado
Importar sólidos booleanos: Activado
Crear operación base: Activado
Simplificar geometría: Activado
Importar curvas para sobreimpresión: Activado
Importar unidad de disco: C:
Importar superficies unidas: Activado
Importar superficies: Activado
Importar vía de acceso de salida: D:\Repositorios\Helios_SoftRobot\Modelos3D\HeliosClaw\Std_parts\Digispark Attiny85\STEP
Importar con vía de acceso de salida predeterminada habilitada: Activado
Importar PMI: Desactivado.
Importar como componentes internos: Desactivado
Importar vía de acceso: 

Convirtiendo a tipos de datos Parasolid...
+Empezar conjunto: 1
+Creado archivo de conjunto SE D:\Repositorios\Helios_SoftRobot\Modelos3D\HeliosClaw\Std_parts\Digispark Attiny85\STEP\Digispark Attiny85.asm
|--+Empezar conjunto: 2
|--+Creado archivo de conjunto SE D:\Repositorios\Helios_SoftRobot\Modelos3D\HeliosClaw\Std_parts\Digispark Attiny85\STEP\PCB.asm
|  |--+Creado archivo de pieza SE D:\Repositorios\Helios_SoftRobot\Modelos3D\HeliosClaw\Std_parts\Digispark Attiny85\STEP\PCB.par
|  |--+Creado archivo de pieza SE D:\Repositorios\Helios_SoftRobot\Modelos3D\HeliosClaw\Std_parts\Digispark Attiny85\STEP\Pads B.par
|  |--+Creado archivo de pieza SE D:\Repositorios\Helios_SoftRobot\Modelos3D\HeliosClaw\Std_parts\Digispark Attiny85\STEP\Pads F.par
|--+Piezas totales: 46
|--+Conjuntos: 0
|--+Cuerpos sólidos: 46
|--+Cuerpos de hoja: 0
|--+Terminar conjunto: 2
|--+Empezar conjunto: 2
|--+Creado archivo de conjunto SE D:\Repositorios\Helios_SoftRobot\Modelos3D\HeliosClaw\Std_parts\Digispark Attiny85\STEP\Components.asm
|  |--+Creado archivo de pieza SE D:\Repositorios\Helios_SoftRobot\Modelos3D\HeliosClaw\Std_parts\Digispark Attiny85\STEP\Component17.par
|  |--+Creado archivo de pieza SE D:\Repositorios\Helios_SoftRobot\Modelos3D\HeliosClaw\Std_parts\Digispark Attiny85\STEP\Component24.par
|  |--+Creado archivo de pieza SE D:\Repositorios\Helios_SoftRobot\Modelos3D\HeliosClaw\Std_parts\Digispark Attiny85\STEP\Component23.par
|  |--+Creado archivo de pieza SE D:\Repositorios\Helios_SoftRobot\Modelos3D\HeliosClaw\Std_parts\Digispark Attiny85\STEP\Component21.par
|  |--+Creado archivo de pieza SE D:\Repositorios\Helios_SoftRobot\Modelos3D\HeliosClaw\Std_parts\Digispark Attiny85\STEP\Component22.par
|  |--+Creado archivo de pieza SE D:\Repositorios\Helios_SoftRobot\Modelos3D\HeliosClaw\Std_parts\Digispark Attiny85\STEP\Component20.par
|  |--+Creado archivo de pieza SE D:\Repositorios\Helios_SoftRobot\Modelos3D\HeliosClaw\Std_parts\Digispark Attiny85\STEP\Component31.par
|  |--+Creado archivo de pieza SE D:\Repositorios\Helios_SoftRobot\Modelos3D\HeliosClaw\Std_parts\Digispark Attiny85\STEP\Component19.par
|  |--+Creado archivo de pieza SE D:\Repositorios\Helios_SoftRobot\Modelos3D\HeliosClaw\Std_parts\Digispark Attiny85\STEP\Component18.par
|  |--+Creado archivo de pieza SE D:\Repositorios\Helios_SoftRobot\Modelos3D\HeliosClaw\Std_parts\Digispark Attiny85\STEP\Component25.par
|  |--+Creado archivo de pieza SE D:\Repositorios\Helios_SoftRobot\Modelos3D\HeliosClaw\Std_parts\Digispark Attiny85\STEP\Component28.par
|  |--+Creado archivo de pieza SE D:\Repositorios\Helios_SoftRobot\Modelos3D\HeliosClaw\Std_parts\Digispark Attiny85\STEP\Component30.par
|  |--+Creado archivo de pieza SE D:\Repositorios\Helios_SoftRobot\Modelos3D\HeliosClaw\Std_parts\Digispark Attiny85\STEP\Component26.par
|  |--+Creado archivo de pieza SE D:\Repositorios\Helios_SoftRobot\Modelos3D\HeliosClaw\Std_parts\Digispark Attiny85\STEP\Component27.par
|  |--+Creado archivo de pieza SE D:\Repositorios\Helios_SoftRobot\Modelos3D\HeliosClaw\Std_parts\Digispark Attiny85\STEP\Component29.par
|  |--+Creado archivo de pieza SE D:\Repositorios\Helios_SoftRobot\Modelos3D\HeliosClaw\Std_parts\Digispark Attiny85\STEP\Micro USB.par
|--+Piezas totales: 44
|--+Conjuntos: 0
|--+Cuerpos sólidos: 44
|--+Cuerpos de hoja: 0
|--+Terminar conjunto: 2
+Piezas totales: 2
+Conjuntos: 2
+Cuerpos sólidos: 0
+Cuerpos de hoja: 0
+Terminar conjunto: 1
Proceso de conversión completado
Tiempo total requerido para convertir y posprocesar:00 : 00 : 02
